[33m [0m
[33m[1mcds serve all --with-mocks --in-memory? --port 9999 [0m
live reload enabled for browsers
[33m
[1m        ___________________________
 [0m
[cds] - loaded model from 8 file(s):

  srv\fe-annotations.cds
  srv\external\gen.csn
  srv\claim-flat.cds
  app\services.cds
  app\claims\annotations.cds
  srv\service.cds
  db\schema.cds
  node_modules\@sap\cds\common.cds
[cds] - connect using bindings from: { registry: '~/.cds-services.json' }
[cds] - connect to db > sqlite { url: 'db.sqlite', database: 'sqlite.db' }

❗️ ERROR on server start: ❗️

 Error: Cannot find module '@sap-cloud-sdk/http-client'
Require stack:
- C:\Users\HoangDuong\ClaimPilot\srv\service.js
- C:\Users\HoangDuong\ClaimPilot\node_modules\@sap\cds\lib\utils\cds-utils.js
- C:\Users\HoangDuong\ClaimPilot\node_modules\@sap\cds\lib\index.js
- C:\Users\HoangDuong\AppData\Roaming\npm\node_modules\@sap\cds-dk\lib\cds.js
- C:\Users\HoangDuong\AppData\Roaming\npm\node_modules\@sap\cds-dk\lib\watch\watched.js
    at Function._resolveFilename (node:internal/modules/cjs/loader:1401:15)
    at defaultResolveImpl (node:internal/modules/cjs/loader:1057:19)
    at resolveForCJSWithHooks (node:internal/modules/cjs/loader:1062:22)
    at Function._load (node:internal/modules/cjs/loader:1211:37)
    at TracingChannel.traceSync (node:diagnostics_channel:322:14)
    at wrapModuleLoad (node:internal/modules/cjs/loader:235:24)
    at Module.require (node:internal/modules/cjs/loader:1487:12)
    at require (node:internal/modules/helpers:135:16)
    at Object.<anonymous> (C:\Users\HoangDuong\ClaimPilot\srv\service.js:9:32)
    at Module._compile (node:internal/modules/cjs/loader:1730:14) {
  code: 'MODULE_NOT_FOUND',
  requireStack: [
    'C:\\Users\\HoangDuong\\ClaimPilot\\srv\\service.js',
    'C:\\Users\\HoangDuong\\ClaimPilot\\node_modules\\@sap\\cds\\lib\\utils\\cds-utils.js',
    'C:\\Users\\HoangDuong\\ClaimPilot\\node_modules\\@sap\\cds\\lib\\index.js',
    'C:\\Users\\HoangDuong\\AppData\\Roaming\\npm\\node_modules\\@sap\\cds-dk\\lib\\cds.js',
    'C:\\Users\\HoangDuong\\AppData\\Roaming\\npm\\node_modules\\@sap\\cds-dk\\lib\\watch\\watched.js'
  ]
}
[33m
[1m        ___________________________
 [0m
[cds] - loaded model from 8 file(s):

  srv\fe-annotations.cds
  srv\external\gen.csn
  srv\claim-flat.cds
  app\services.cds
  app\claims\annotations.cds
  srv\service.cds
  db\schema.cds
  node_modules\@sap\cds\common.cds
[cds] - connect using bindings from: { registry: '~/.cds-services.json' }
[cds] - connect to db > sqlite { url: 'db.sqlite', database: 'sqlite.db' }

❗️ ERROR on server start: ❗️

 Error: Cannot find module 'voca'
Require stack:
- C:\Users\HoangDuong\ClaimPilot\node_modules\@sap-cloud-sdk\util\dist\string-formatter.js
- C:\Users\HoangDuong\ClaimPilot\node_modules\@sap-cloud-sdk\util\dist\code-block.js
- C:\Users\HoangDuong\ClaimPilot\node_modules\@sap-cloud-sdk\util\dist\index.js
- C:\Users\HoangDuong\ClaimPilot\node_modules\@sap-cloud-sdk\http-client\dist\csrf-token-middleware.js
- C:\Users\HoangDuong\ClaimPilot\node_modules\@sap-cloud-sdk\http-client\dist\index.js
- C:\Users\HoangDuong\ClaimPilot\srv\service.js
- C:\Users\HoangDuong\ClaimPilot\node_modules\@sap\cds\lib\utils\cds-utils.js
- C:\Users\HoangDuong\ClaimPilot\node_modules\@sap\cds\lib\index.js
- C:\Users\HoangDuong\AppData\Roaming\npm\node_modules\@sap\cds-dk\lib\cds.js
- C:\Users\HoangDuong\AppData\Roaming\npm\node_modules\@sap\cds-dk\lib\watch\watched.js
    at Function._resolveFilename (node:internal/modules/cjs/loader:1401:15)
    at defaultResolveImpl (node:internal/modules/cjs/loader:1057:19)
    at resolveForCJSWithHooks (node:internal/modules/cjs/loader:1062:22)
    at Function._load (node:internal/modules/cjs/loader:1211:37)
    at TracingChannel.traceSync (node:diagnostics_channel:322:14)
    at wrapModuleLoad (node:internal/modules/cjs/loader:235:24)
    at Module.require (node:internal/modules/cjs/loader:1487:12)
    at require (node:internal/modules/helpers:135:16)
    at Object.<anonymous> (C:\Users\HoangDuong\ClaimPilot\node_modules\@sap-cloud-sdk\util\dist\string-formatter.js:13:32)
    at Module._compile (node:internal/modules/cjs/loader:1730:14) {
  code: 'MODULE_NOT_FOUND',
  requireStack: [
    'C:\\Users\\HoangDuong\\ClaimPilot\\node_modules\\@sap-cloud-sdk\\util\\dist\\string-formatter.js',
    'C:\\Users\\HoangDuong\\ClaimPilot\\node_modules\\@sap-cloud-sdk\\util\\dist\\code-block.js',
    'C:\\Users\\HoangDuong\\ClaimPilot\\node_modules\\@sap-cloud-sdk\\util\\dist\\index.js',
    'C:\\Users\\HoangDuong\\ClaimPilot\\node_modules\\@sap-cloud-sdk\\http-client\\dist\\csrf-token-middleware.js',
    'C:\\Users\\HoangDuong\\ClaimPilot\\node_modules\\@sap-cloud-sdk\\http-client\\dist\\index.js',
    'C:\\Users\\HoangDuong\\ClaimPilot\\srv\\service.js',
    'C:\\Users\\HoangDuong\\ClaimPilot\\node_modules\\@sap\\cds\\lib\\utils\\cds-utils.js',
    'C:\\Users\\HoangDuong\\ClaimPilot\\node_modules\\@sap\\cds\\lib\\index.js',
    'C:\\Users\\HoangDuong\\AppData\\Roaming\\npm\\node_modules\\@sap\\cds-dk\\lib\\cds.js',
    'C:\\Users\\HoangDuong\\AppData\\Roaming\\npm\\node_modules\\@sap\\cds-dk\\lib\\watch\\watched.js'
  ]
}
[33m
[1m        ___________________________
 [0m
[cds] - loaded model from 8 file(s):

  srv\fe-annotations.cds
  srv\external\gen.csn
  srv\claim-flat.cds
  app\services.cds
  app\claims\annotations.cds
  srv\service.cds
  db\schema.cds
  node_modules\@sap\cds\common.cds
[cds] - connect using bindings from: { registry: '~/.cds-services.json' }
[cds] - connect to db > sqlite { url: 'db.sqlite', database: 'sqlite.db' }
[cds] - using auth strategy {
  kind: 'mocked',
  impl: 'node_modules\\@sap\\cds\\lib\\srv\\middlewares\\auth\\basic-auth'
} 

[cds] - serving KfzService { impl: 'srv\\service.js', path: '/service/kfz' }

[cds] - server listening on { url: 'http://localhost:9999' }
[cds] - server launched in: 1.124s
[cds] - [ terminate with ^C ]

[33m
[1m        ___________________________
 [0m
[cds] - loaded model from 8 file(s):

  srv\fe-annotations.cds
  srv\external\gen.csn
  srv\claim-flat.cds
  app\services.cds
  app\claims\annotations.cds
  srv\service.cds
  db\schema.cds
  node_modules\@sap\cds\common.cds
[cds] - connect using bindings from: { registry: '~/.cds-services.json' }
[cds] - connect to db > sqlite { url: 'db.sqlite', database: 'sqlite.db' }
[cds] - using auth strategy {
  kind: 'mocked',
  impl: 'node_modules\\@sap\\cds\\lib\\srv\\middlewares\\auth\\basic-auth'
} 

[cds] - serving KfzService { impl: 'srv\\service.js', path: '/service/kfz' }
[cds] - mocking gen {
  impl: 'node_modules\\@sap\\cds\\libx\\_runtime\\common\\Service.js',
  path: '/odata/v4/gen'
}

[cds] - server listening on { url: 'http://localhost:9999' }
[cds] - server launched in: 830.626ms
[cds] - [ terminate with ^C ]

[33m
[1m        ___________________________
 [0m
[cds] - loaded model from 8 file(s):

  srv\fe-annotations.cds
  srv\external\gen.csn
  srv\claim-flat.cds
  app\services.cds
  app\claims\annotations.cds
  srv\service.cds
  db\schema.cds
  node_modules\@sap\cds\common.cds
[cds] - connect using bindings from: { registry: '~/.cds-services.json' }
[cds] - connect to db > sqlite { url: 'db.sqlite', database: 'sqlite.db' }
[cds] - using auth strategy {
  kind: 'mocked',
  impl: 'node_modules\\@sap\\cds\\lib\\srv\\middlewares\\auth\\basic-auth'
} 

[cds] - serving KfzService { impl: 'srv\\service.js', path: '/service/kfz' }
[cds] - mocking gen {
  impl: 'node_modules\\@sap\\cds\\libx\\_runtime\\common\\Service.js',
  path: '/odata/v4/gen'
}

[cds] - server listening on { url: 'http://localhost:9999' }
[cds] - server launched in: 1.101s
[cds] - [ terminate with ^C ]

[33m
[1m        ___________________________
 [0m
[cds] - loaded model from 8 file(s):

  srv\fe-annotations.cds
  srv\external\gen.csn
  srv\claim-flat.cds
  app\services.cds
  app\claims\annotations.cds
  srv\service.cds
  db\schema.cds
  node_modules\@sap\cds\common.cds
[cds] - connect using bindings from: { registry: '~/.cds-services.json' }
[cds] - connect to db > sqlite { url: 'db.sqlite', database: 'sqlite.db' }
[cds] - using auth strategy {
  kind: 'mocked',
  impl: 'node_modules\\@sap\\cds\\lib\\srv\\middlewares\\auth\\basic-auth'
} 

[cds] - serving KfzService { impl: 'srv\\service.js', path: '/service/kfz' }

[cds] - server listening on { url: 'http://localhost:9999' }
[cds] - server launched in: 1.081s
[cds] - [ terminate with ^C ]

[33m
[1m        ___________________________
 [0m
[cds] - loaded model from 8 file(s):

  srv\fe-annotations.cds
  srv\external\gen.csn
  srv\claim-flat.cds
  app\services.cds
  app\claims\annotations.cds
  srv\service.cds
  db\schema.cds
  node_modules\@sap\cds\common.cds
[cds] - connect using bindings from: { registry: '~/.cds-services.json' }
[cds] - connect to db > sqlite { url: 'db.sqlite', database: 'sqlite.db' }
[cds] - using auth strategy {
  kind: 'mocked',
  impl: 'node_modules\\@sap\\cds\\lib\\srv\\middlewares\\auth\\basic-auth'
} 

[cds] - serving KfzService { impl: 'srv\\service.js', path: '/service/kfz' }

[cds] - server listening on { url: 'http://localhost:9999' }
[cds] - server launched in: 761.429ms
[cds] - [ terminate with ^C ]

[33m
[1m        ___________________________
 [0m
[cds] - loaded model from 8 file(s):

  srv\fe-annotations.cds
  srv\external\gen.csn
  srv\claim-flat.cds
  app\services.cds
  app\claims\annotations.cds
  srv\service.cds
  db\schema.cds
  node_modules\@sap\cds\common.cds
[cds] - connect using bindings from: { registry: '~/.cds-services.json' }
[cds] - connect to db > sqlite { url: 'db.sqlite', database: 'sqlite.db' }
[cds] - using auth strategy {
  kind: 'mocked',
  impl: 'node_modules\\@sap\\cds\\lib\\srv\\middlewares\\auth\\basic-auth'
} 

[cds] - serving KfzService { impl: 'srv\\service.js', path: '/service/kfz' }
[cds] - mocking gen {
  impl: 'node_modules\\@sap\\cds\\libx\\_runtime\\common\\Service.js',
  path: '/odata/v4/gen'
}

[cds] - server listening on { url: 'http://localhost:9999' }
[cds] - server launched in: 817.709ms
[cds] - [ terminate with ^C ]

[33m
[1m        ___________________________
 [0m
[cds] - loaded model from 8 file(s):

  srv\fe-annotations.cds
  srv\external\gen.csn
  srv\claim-flat.cds
  app\services.cds
  app\claims\annotations.cds
  srv\service.cds
  db\schema.cds
  node_modules\@sap\cds\common.cds
[cds] - connect using bindings from: { registry: '~/.cds-services.json' }
[cds] - connect to db > sqlite { url: 'db.sqlite', database: 'sqlite.db' }
[cds] - using auth strategy {
  kind: 'mocked',
  impl: 'node_modules\\@sap\\cds\\lib\\srv\\middlewares\\auth\\basic-auth'
} 

[cds] - serving KfzService { impl: 'srv\\service.js', path: '/service/kfz' }

[cds] - server listening on { url: 'http://localhost:9999' }
[cds] - server launched in: 868.973ms
[cds] - [ terminate with ^C ]

[33m
[1m        ___________________________
 [0m
[cds] - loaded model from 8 file(s):

  srv\fe-annotations.cds
  srv\external\gen.csn
  srv\claim-flat.cds
  app\services.cds
  app\claims\annotations.cds
  srv\service.cds
  db\schema.cds
  node_modules\@sap\cds\common.cds
[cds] - connect using bindings from: { registry: '~/.cds-services.json' }
[cds] - connect to db > sqlite { url: 'db.sqlite', database: 'sqlite.db' }

❗️ ERROR on server start: ❗️

 Error: Cannot find module 'dotenv'
Require stack:
- C:\Users\HoangDuong\ClaimPilot\srv\service.js
- C:\Users\HoangDuong\ClaimPilot\node_modules\@sap\cds\lib\utils\cds-utils.js
- C:\Users\HoangDuong\ClaimPilot\node_modules\@sap\cds\lib\index.js
- C:\Users\HoangDuong\AppData\Roaming\npm\node_modules\@sap\cds-dk\lib\cds.js
- C:\Users\HoangDuong\AppData\Roaming\npm\node_modules\@sap\cds-dk\lib\watch\watched.js
    at Function._resolveFilename (node:internal/modules/cjs/loader:1401:15)
    at defaultResolveImpl (node:internal/modules/cjs/loader:1057:19)
    at resolveForCJSWithHooks (node:internal/modules/cjs/loader:1062:22)
    at Function._load (node:internal/modules/cjs/loader:1211:37)
    at TracingChannel.traceSync (node:diagnostics_channel:322:14)
    at wrapModuleLoad (node:internal/modules/cjs/loader:235:24)
    at Module.require (node:internal/modules/cjs/loader:1487:12)
    at require (node:internal/modules/helpers:135:16)
    at Object.<anonymous> (C:\Users\HoangDuong\ClaimPilot\srv\service.js:1:1)
    at Module._compile (node:internal/modules/cjs/loader:1730:14) {
  code: 'MODULE_NOT_FOUND',
  requireStack: [
    'C:\\Users\\HoangDuong\\ClaimPilot\\srv\\service.js',
    'C:\\Users\\HoangDuong\\ClaimPilot\\node_modules\\@sap\\cds\\lib\\utils\\cds-utils.js',
    'C:\\Users\\HoangDuong\\ClaimPilot\\node_modules\\@sap\\cds\\lib\\index.js',
    'C:\\Users\\HoangDuong\\AppData\\Roaming\\npm\\node_modules\\@sap\\cds-dk\\lib\\cds.js',
    'C:\\Users\\HoangDuong\\AppData\\Roaming\\npm\\node_modules\\@sap\\cds-dk\\lib\\watch\\watched.js'
  ]
}
[33m
[1m        ___________________________
 [0m
[cds] - loaded model from 8 file(s):

  srv\fe-annotations.cds
  srv\external\gen.csn
  srv\claim-flat.cds
  app\services.cds
  app\claims\annotations.cds
  srv\service.cds
  db\schema.cds
  node_modules\@sap\cds\common.cds
[cds] - connect using bindings from: { registry: '~/.cds-services.json' }
[cds] - connect to db > sqlite { url: 'db.sqlite', database: 'sqlite.db' }

❗️ ERROR on server start: ❗️

 Error: Cannot find module 'dotenv'
Require stack:
- C:\Users\HoangDuong\ClaimPilot\srv\service.js
- C:\Users\HoangDuong\ClaimPilot\node_modules\@sap\cds\lib\utils\cds-utils.js
- C:\Users\HoangDuong\ClaimPilot\node_modules\@sap\cds\lib\index.js
- C:\Users\HoangDuong\AppData\Roaming\npm\node_modules\@sap\cds-dk\lib\cds.js
- C:\Users\HoangDuong\AppData\Roaming\npm\node_modules\@sap\cds-dk\lib\watch\watched.js
    at Function._resolveFilename (node:internal/modules/cjs/loader:1401:15)
    at defaultResolveImpl (node:internal/modules/cjs/loader:1057:19)
    at resolveForCJSWithHooks (node:internal/modules/cjs/loader:1062:22)
    at Function._load (node:internal/modules/cjs/loader:1211:37)
    at TracingChannel.traceSync (node:diagnostics_channel:322:14)
    at wrapModuleLoad (node:internal/modules/cjs/loader:235:24)
    at Module.require (node:internal/modules/cjs/loader:1487:12)
    at require (node:internal/modules/helpers:135:16)
    at Object.<anonymous> (C:\Users\HoangDuong\ClaimPilot\srv\service.js:1:1)
    at Module._compile (node:internal/modules/cjs/loader:1730:14) {
  code: 'MODULE_NOT_FOUND',
  requireStack: [
    'C:\\Users\\HoangDuong\\ClaimPilot\\srv\\service.js',
    'C:\\Users\\HoangDuong\\ClaimPilot\\node_modules\\@sap\\cds\\lib\\utils\\cds-utils.js',
    'C:\\Users\\HoangDuong\\ClaimPilot\\node_modules\\@sap\\cds\\lib\\index.js',
    'C:\\Users\\HoangDuong\\AppData\\Roaming\\npm\\node_modules\\@sap\\cds-dk\\lib\\cds.js',
    'C:\\Users\\HoangDuong\\AppData\\Roaming\\npm\\node_modules\\@sap\\cds-dk\\lib\\watch\\watched.js'
  ]
}
[33m
[1m        ___________________________
 [0m
[cds] - loaded model from 8 file(s):

  srv\fe-annotations.cds
  srv\external\gen.csn
  srv\claim-flat.cds
  app\services.cds
  app\claims\annotations.cds
  srv\service.cds
  db\schema.cds
  node_modules\@sap\cds\common.cds
[cds] - connect using bindings from: { registry: '~/.cds-services.json' }
[cds] - connect to db > sqlite { url: 'db.sqlite', database: 'sqlite.db' }

❗️ ERROR on server start: ❗️

 Error: Cannot find module 'dotenv'
Require stack:
- C:\Users\HoangDuong\ClaimPilot\srv\service.js
- C:\Users\HoangDuong\ClaimPilot\node_modules\@sap\cds\lib\utils\cds-utils.js
- C:\Users\HoangDuong\ClaimPilot\node_modules\@sap\cds\lib\index.js
- C:\Users\HoangDuong\AppData\Roaming\npm\node_modules\@sap\cds-dk\lib\cds.js
- C:\Users\HoangDuong\AppData\Roaming\npm\node_modules\@sap\cds-dk\lib\watch\watched.js
    at Function._resolveFilename (node:internal/modules/cjs/loader:1401:15)
    at defaultResolveImpl (node:internal/modules/cjs/loader:1057:19)
    at resolveForCJSWithHooks (node:internal/modules/cjs/loader:1062:22)
    at Function._load (node:internal/modules/cjs/loader:1211:37)
    at TracingChannel.traceSync (node:diagnostics_channel:322:14)
    at wrapModuleLoad (node:internal/modules/cjs/loader:235:24)
    at Module.require (node:internal/modules/cjs/loader:1487:12)
    at require (node:internal/modules/helpers:135:16)
    at Object.<anonymous> (C:\Users\HoangDuong\ClaimPilot\srv\service.js:1:1)
    at Module._compile (node:internal/modules/cjs/loader:1730:14) {
  code: 'MODULE_NOT_FOUND',
  requireStack: [
    'C:\\Users\\HoangDuong\\ClaimPilot\\srv\\service.js',
    'C:\\Users\\HoangDuong\\ClaimPilot\\node_modules\\@sap\\cds\\lib\\utils\\cds-utils.js',
    'C:\\Users\\HoangDuong\\ClaimPilot\\node_modules\\@sap\\cds\\lib\\index.js',
    'C:\\Users\\HoangDuong\\AppData\\Roaming\\npm\\node_modules\\@sap\\cds-dk\\lib\\cds.js',
    'C:\\Users\\HoangDuong\\AppData\\Roaming\\npm\\node_modules\\@sap\\cds-dk\\lib\\watch\\watched.js'
  ]
}
[33m
[1m        ___________________________
 [0m
[cds] - loaded model from 8 file(s):

  srv\fe-annotations.cds
  srv\external\gen.csn
  srv\claim-flat.cds
  app\services.cds
  app\claims\annotations.cds
  srv\service.cds
  db\schema.cds
  node_modules\@sap\cds\common.cds
[cds] - connect using bindings from: { registry: '~/.cds-services.json' }
[cds] - connect to db > sqlite { url: 'db.sqlite', database: 'sqlite.db' }
[cds] - using auth strategy {
  kind: 'mocked',
  impl: 'node_modules\\@sap\\cds\\lib\\srv\\middlewares\\auth\\basic-auth'
} 

[cds] - serving KfzService {
  impl: 'node_modules\\@sap\\cds\\libx\\_runtime\\common\\Service.js',
  path: '/service/kfz'
}

[cds] - server listening on { url: 'http://localhost:9999' }
[cds] - server launched in: 789.156ms
[cds] - [ terminate with ^C ]

[33m
[1m        ___________________________
 [0m
[cds] - loaded model from 8 file(s):

  srv\fe-annotations.cds
  srv\external\gen.csn
  srv\claim-flat.cds
  app\services.cds
  app\claims\annotations.cds
  srv\service.cds
  db\schema.cds
  node_modules\@sap\cds\common.cds
[cds] - connect using bindings from: { registry: '~/.cds-services.json' }
[cds] - connect to db > sqlite { url: 'db.sqlite', database: 'sqlite.db' }

❗️ ERROR on server start: ❗️

 Error: Cannot find module 'dotenv'
Require stack:
- C:\Users\HoangDuong\ClaimPilot\srv\service.js
- C:\Users\HoangDuong\ClaimPilot\node_modules\@sap\cds\lib\utils\cds-utils.js
- C:\Users\HoangDuong\ClaimPilot\node_modules\@sap\cds\lib\index.js
- C:\Users\HoangDuong\AppData\Roaming\npm\node_modules\@sap\cds-dk\lib\cds.js
- C:\Users\HoangDuong\AppData\Roaming\npm\node_modules\@sap\cds-dk\lib\watch\watched.js
    at Function._resolveFilename (node:internal/modules/cjs/loader:1401:15)
    at defaultResolveImpl (node:internal/modules/cjs/loader:1057:19)
    at resolveForCJSWithHooks (node:internal/modules/cjs/loader:1062:22)
    at Function._load (node:internal/modules/cjs/loader:1211:37)
    at TracingChannel.traceSync (node:diagnostics_channel:322:14)
    at wrapModuleLoad (node:internal/modules/cjs/loader:235:24)
    at Module.require (node:internal/modules/cjs/loader:1487:12)
    at require (node:internal/modules/helpers:135:16)
    at Object.<anonymous> (C:\Users\HoangDuong\ClaimPilot\srv\service.js:1:1)
    at Module._compile (node:internal/modules/cjs/loader:1730:14) {
  code: 'MODULE_NOT_FOUND',
  requireStack: [
    'C:\\Users\\HoangDuong\\ClaimPilot\\srv\\service.js',
    'C:\\Users\\HoangDuong\\ClaimPilot\\node_modules\\@sap\\cds\\lib\\utils\\cds-utils.js',
    'C:\\Users\\HoangDuong\\ClaimPilot\\node_modules\\@sap\\cds\\lib\\index.js',
    'C:\\Users\\HoangDuong\\AppData\\Roaming\\npm\\node_modules\\@sap\\cds-dk\\lib\\cds.js',
    'C:\\Users\\HoangDuong\\AppData\\Roaming\\npm\\node_modules\\@sap\\cds-dk\\lib\\watch\\watched.js'
  ]
}
[33m
[1m        ___________________________
 [0m
[cds] - loaded model from 8 file(s):

  srv\fe-annotations.cds
  srv\external\gen.csn
  srv\claim-flat.cds
  app\services.cds
  app\claims\annotations.cds
  srv\service.cds
  db\schema.cds
  node_modules\@sap\cds\common.cds
[cds] - connect using bindings from: { registry: '~/.cds-services.json' }
[cds] - connect to db > sqlite { url: 'db.sqlite', database: 'sqlite.db' }
[cds] - using auth strategy {
  kind: 'mocked',
  impl: 'node_modules\\@sap\\cds\\lib\\srv\\middlewares\\auth\\basic-auth'
} 

[cds] - serving KfzService { impl: 'srv\\service.js', path: '/service/kfz' }
[cds] - mocking gen {
  impl: 'node_modules\\@sap\\cds\\libx\\_runtime\\common\\Service.js',
  path: '/odata/v4/gen'
}

[cds] - server listening on { url: 'http://localhost:9999' }
[cds] - server launched in: 1.676s
[cds] - [ terminate with ^C ]

[33m
[1m        ___________________________
 [0m
[cds] - loaded model from 8 file(s):

  srv\fe-annotations.cds
  srv\external\gen.csn
  srv\claim-flat.cds
  app\services.cds
  app\claims\annotations.cds
  srv\service.cds
  db\schema.cds
  node_modules\@sap\cds\common.cds
[cds] - connect using bindings from: { registry: '~/.cds-services.json' }
[cds] - connect to db > sqlite { url: 'db.sqlite', database: 'sqlite.db' }
[cds] - using auth strategy {
  kind: 'mocked',
  impl: 'node_modules\\@sap\\cds\\lib\\srv\\middlewares\\auth\\basic-auth'
} 

[cds] - serving KfzService { impl: 'srv\\service.js', path: '/service/kfz' }
[cds] - mocking gen {
  impl: 'node_modules\\@sap\\cds\\libx\\_runtime\\common\\Service.js',
  path: '/odata/v4/gen'
}

  [91m[1m[EADDRINUSE][0m - port 9999 is already in use by another server process.
  > Press Return to restart with an arbitrary port.

[33m
[1m        ___________________________
 [0m
[cds] - loaded model from 8 file(s):

  srv\fe-annotations.cds
  srv\external\gen.csn
  srv\claim-flat.cds
  app\services.cds
  app\claims\annotations.cds
  srv\service.cds
  db\schema.cds
  node_modules\@sap\cds\common.cds
[cds] - connect using bindings from: { registry: '~/.cds-services.json' }
[cds] - connect to db > sqlite { url: 'db.sqlite', database: 'sqlite.db' }
[cds] - using auth strategy {
  kind: 'mocked',
  impl: 'node_modules\\@sap\\cds\\lib\\srv\\middlewares\\auth\\basic-auth'
} 

[cds] - serving KfzService { impl: 'srv\\service.js', path: '/service/kfz' }
[cds] - mocking gen {
  impl: 'node_modules\\@sap\\cds\\libx\\_runtime\\common\\Service.js',
  path: '/odata/v4/gen'
}

  [91m[1m[EADDRINUSE][0m - port 9999 is already in use by another server process.
  > Press Return to restart with an arbitrary port.

[33m
[1m        ___________________________
 [0m
[cds] - loaded model from 8 file(s):

  srv\fe-annotations.cds
  srv\external\gen.csn
  srv\claim-flat.cds
  app\services.cds
  app\claims\annotations.cds
  srv\service.cds
  db\schema.cds
  node_modules\@sap\cds\common.cds
[cds] - connect using bindings from: { registry: '~/.cds-services.json' }
[cds] - connect to db > sqlite { url: 'db.sqlite', database: 'sqlite.db' }
[cds] - using auth strategy {
  kind: 'mocked',
  impl: 'node_modules\\@sap\\cds\\lib\\srv\\middlewares\\auth\\basic-auth'
} 

[cds] - serving KfzService { impl: 'srv\\service.js', path: '/service/kfz' }

[cds] - server listening on { url: 'http://localhost:9999' }
[cds] - server launched in: 1.516s
[cds] - [ terminate with ^C ]

[33m
[1m        ___________________________
 [0m

[cds] - imported API to srv\external\gen
> use it in your CDS models through the like of:

using { gen as external } from './external/gen'

[cds] - loaded model from 8 file(s):

  srv\fe-annotations.cds
  srv\external\gen.csn
  srv\claim-flat.cds
  app\services.cds
  app\claims\annotations.cds
  srv\service.cds
  db\schema.cds
  node_modules\@sap\cds\common.cds
[cds] - connect using bindings from: { registry: '~/.cds-services.json' }
[cds] - connect to db > sqlite { url: 'db.sqlite', database: 'sqlite.db' }
[cds] - using auth strategy {
  kind: 'mocked',
  impl: 'node_modules\\@sap\\cds\\lib\\srv\\middlewares\\auth\\basic-auth'
} 

[cds] - serving KfzService { impl: 'srv\\service.js', path: '/service/kfz' }

[cds] - server listening on { url: 'http://localhost:9999' }
[cds] - server launched in: 942.706ms
[cds] - [ terminate with ^C ]

[33m
[1m        ___________________________
 [0m
[cds] - loaded model from 8 file(s):

  srv\fe-annotations.cds
  srv\external\gen.csn
  srv\claim-flat.cds
  app\services.cds
  app\claims\annotations.cds
  srv\service.cds
  db\schema.cds
  node_modules\@sap\cds\common.cds
[cds] - connect using bindings from: { registry: '~/.cds-services.json' }
[cds] - connect to db > sqlite { url: 'db.sqlite', database: 'sqlite.db' }
[33m
[1m        ___________________________
 [0m
[cds] - loaded model from 8 file(s):

  srv\fe-annotations.cds
  srv\external\gen.csn
  srv\claim-flat.cds
  app\services.cds
  app\claims\annotations.cds
  srv\service.cds
  db\schema.cds
  node_modules\@sap\cds\common.cds
[cds] - connect using bindings from: { registry: '~/.cds-services.json' }
[cds] - connect to db > sqlite { url: 'db.sqlite', database: 'sqlite.db' }
[cds] - using auth strategy {
  kind: 'mocked',
  impl: 'node_modules\\@sap\\cds\\lib\\srv\\middlewares\\auth\\basic-auth'
} 

[cds] - serving KfzService { impl: 'srv\\service.js', path: '/service/kfz' }

[cds] - server listening on { url: 'http://localhost:9999' }
[cds] - server launched in: 1.851s
[cds] - [ terminate with ^C ]

[odata] - GET /service/kfz/$metadata { 'sap-language': 'DE' }
[odata] - HEAD /service/kfz/ 
[33m
[1m        ___________________________
 [0m
[cds] - loading server from { file: 'srv\\server.js' }
[cds] - loaded model from 8 file(s):

  srv\fe-annotations.cds
  srv\external\gen.csn
  srv\claim-flat.cds
  app\services.cds
  app\claims\annotations.cds
  srv\service.cds
  db\schema.cds
  node_modules\@sap\cds\common.cds
[cds] - connect using bindings from: { registry: '~/.cds-services.json' }
[cds] - connect to db > sqlite { url: 'db.sqlite', database: 'sqlite.db' }
[cds] - using auth strategy {
  kind: 'mocked',
  impl: 'node_modules\\@sap\\cds\\lib\\srv\\middlewares\\auth\\basic-auth'
} 

[cds] - serving KfzService { impl: 'srv\\service.js', path: '/service/kfz' }

[cds] - server listening on { url: 'http://localhost:9999' }
[cds] - server launched in: 1.993s
[cds] - [ terminate with ^C ]

[odata] - HEAD /service/kfz/ 
[odata] - GET /service/kfz/$metadata { 'sap-language': 'DE' }
[odata] - HEAD /service/kfz/ 
[odata] - GET /service/kfz/$metadata { 'sap-language': 'DE' }
[2025-09-03T22:12:38.217Z] [33mWARN[39m     (environment-accessor): Could not find service binding of type 'destination'. This might cause errors in other parts of the application.
[2025-09-03T22:12:39.266Z] [33mWARN[39m     (environment-accessor): Could not find service binding of type 'destination'. This might cause errors in other parts of the application.
[2025-09-03T22:12:42.820Z] [33mWARN[39m     (environment-accessor): Could not find service binding of type 'destination'. This might cause errors in other parts of the application.
[2025-09-03T22:12:49.107Z] [33mWARN[39m     (environment-accessor): Could not find service binding of type 'destination'. This might cause errors in other parts of the application.
[2025-09-03T22:13:04.316Z] [33mWARN[39m     (environment-accessor): Could not find service binding of type 'destination'. This might cause errors in other parts of the application.
[2025-09-03T22:13:27.265Z] [33mWARN[39m     (environment-accessor): Could not find service binding of type 'destination'. This might cause errors in other parts of the application.
[2025-09-03T22:14:00.824Z] [33mWARN[39m     (environment-accessor): Could not find service binding of type 'destination'. This might cause errors in other parts of the application.
SyntaxError: Expected property name or '}' in JSON at position 1 (line 1 column 2)
    at JSON.parse (<anonymous>)
    at parse (C:\Users\HoangDuong\ClaimPilot\node_modules\body-parser\lib\types\json.js:92:19)
    at C:\Users\HoangDuong\ClaimPilot\node_modules\body-parser\lib\read.js:128:18
    at AsyncResource.runInAsyncScope (node:async_hooks:214:14)
    at invokeCallback (C:\Users\HoangDuong\ClaimPilot\node_modules\raw-body\index.js:238:16)
    at done (C:\Users\HoangDuong\ClaimPilot\node_modules\raw-body\index.js:227:7)
    at IncomingMessage.onEnd (C:\Users\HoangDuong\ClaimPilot\node_modules\raw-body\index.js:287:7)
    at IncomingMessage.emit (node:events:518:28)
    at endReadableNT (node:internal/streams/readable:1698:12)
    at process.processTicksAndRejections (node:internal/process/task_queues:90:21)
[2025-09-03T22:14:34.831Z] [33mWARN[39m     (environment-accessor): Could not find service binding of type 'destination'. This might cause errors in other parts of the application.
[2025-09-03T22:14:36.747Z] [33mWARN[39m     (environment-accessor): Could not find service binding of type 'destination'. This might cause errors in other parts of the application.
[2025-09-03T22:14:39.890Z] [33mWARN[39m     (environment-accessor): Could not find service binding of type 'destination'. This might cause errors in other parts of the application.
[2025-09-03T22:14:46.888Z] [33mWARN[39m     (environment-accessor): Could not find service binding of type 'destination'. This might cause errors in other parts of the application.
[2025-09-03T22:14:57.697Z] [33mWARN[39m     (environment-accessor): Could not find service binding of type 'destination'. This might cause errors in other parts of the application.
[2025-09-03T22:15:24.751Z] [33mWARN[39m     (environment-accessor): Could not find service binding of type 'destination'. This might cause errors in other parts of the application.
[2025-09-03T22:16:14.424Z] [33mWARN[39m     (environment-accessor): Could not find service binding of type 'destination'. This might cause errors in other parts of the application.
[33m
[1m        ___________________________
 [0m
[cds] - loading server from { file: 'srv\\server.js' }
[cds] - loaded model from 8 file(s):

  srv\fe-annotations.cds
  srv\external\gen.csn
  srv\claim-flat.cds
  app\services.cds
  app\claims\annotations.cds
  srv\service.cds
  db\schema.cds
  node_modules\@sap\cds\common.cds
[cds] - connect using bindings from: { registry: '~/.cds-services.json' }
[cds] - connect to db > sqlite { url: 'db.sqlite', database: 'sqlite.db' }
[cds] - using auth strategy {
  kind: 'mocked',
  impl: 'node_modules\\@sap\\cds\\lib\\srv\\middlewares\\auth\\basic-auth'
} 

[cds] - serving KfzService { impl: 'srv\\service.js', path: '/service/kfz' }

[cds] - server listening on { url: 'http://localhost:9999' }
[cds] - server launched in: 1.559s
[cds] - [ terminate with ^C ]

[odata] - GET /service/kfz/$metadata { 'sap-language': 'DE' }
[odata] - HEAD /service/kfz/ 
[odata] - GET /service/kfz/$metadata { 'sap-language': 'DE' }
[odata] - HEAD /service/kfz/ 
SyntaxError: Expected property name or '}' in JSON at position 1 (line 1 column 2)
    at JSON.parse (<anonymous>)
    at parse (C:\Users\HoangDuong\ClaimPilot\node_modules\body-parser\lib\types\json.js:92:19)
    at C:\Users\HoangDuong\ClaimPilot\node_modules\body-parser\lib\read.js:128:18
    at AsyncResource.runInAsyncScope (node:async_hooks:214:14)
    at invokeCallback (C:\Users\HoangDuong\ClaimPilot\node_modules\raw-body\index.js:238:16)
    at done (C:\Users\HoangDuong\ClaimPilot\node_modules\raw-body\index.js:227:7)
    at IncomingMessage.onEnd (C:\Users\HoangDuong\ClaimPilot\node_modules\raw-body\index.js:287:7)
    at IncomingMessage.emit (node:events:518:28)
    at endReadableNT (node:internal/streams/readable:1698:12)
    at process.processTicksAndRejections (node:internal/process/task_queues:90:21)
[33m
[1m        ___________________________
 [0m
[cds] - loading server from { file: 'srv\\server.js' }
[cds] - loaded model from 8 file(s):

  srv\fe-annotations.cds
  srv\external\gen.csn
  srv\claim-flat.cds
  app\services.cds
  app\claims\annotations.cds
  srv\service.cds
  db\schema.cds
  node_modules\@sap\cds\common.cds
[33m
[1m        ___________________________
 [0m
[cds] - loading server from { file: 'srv\\server.js' }
[cds] - loaded model from 8 file(s):

  srv\fe-annotations.cds
  srv\external\gen.csn
  srv\claim-flat.cds
  app\services.cds
  app\claims\annotations.cds
  srv\service.cds
  db\schema.cds
  node_modules\@sap\cds\common.cds
[cds] - connect using bindings from: { registry: '~/.cds-services.json' }
[cds] - connect to db > sqlite { url: 'db.sqlite', database: 'sqlite.db' }
[cds] - using auth strategy {
  kind: 'mocked',
  impl: 'node_modules\\@sap\\cds\\lib\\srv\\middlewares\\auth\\basic-auth'
} 

[cds] - serving KfzService { impl: 'srv\\service.js', path: '/service/kfz' }

[cds] - server listening on { url: 'http://localhost:9999' }
[cds] - server launched in: 2.928s
[cds] - [ terminate with ^C ]

[odata] - GET /service/kfz/$metadata { 'sap-language': 'DE' }
[odata] - HEAD /service/kfz/ 
[2025-09-03T22:25:22.704Z] [33mWARN[39m     (environment-accessor): Could not find service binding of type 'destination'. This might cause errors in other parts of the application.
[odata] - HEAD /service/kfz/ 
[odata] - GET /service/kfz/$metadata { 'sap-language': 'DE' }
[2025-09-03T22:25:24.614Z] [33mWARN[39m     (environment-accessor): Could not find service binding of type 'destination'. This might cause errors in other parts of the application.
[2025-09-03T22:25:28.064Z] [33mWARN[39m     (environment-accessor): Could not find service binding of type 'destination'. This might cause errors in other parts of the application.
[2025-09-03T22:25:33.445Z] [33mWARN[39m     (environment-accessor): Could not find service binding of type 'destination'. This might cause errors in other parts of the application.
[2025-09-03T22:25:43.330Z] [33mWARN[39m     (environment-accessor): Could not find service binding of type 'destination'. This might cause errors in other parts of the application.
[2025-09-03T22:26:11.419Z] [33mWARN[39m     (environment-accessor): Could not find service binding of type 'destination'. This might cause errors in other parts of the application.
[2025-09-03T22:26:51.669Z] [33mWARN[39m     (environment-accessor): Could not find service binding of type 'destination'. This might cause errors in other parts of the application.
[33m
[1m        ___________________________
 [0m
[cds] - loading server from { file: 'srv\\server.js' }
[cds] - loaded model from 8 file(s):

  srv\fe-annotations.cds
  srv\external\gen.csn
  srv\claim-flat.cds
  app\services.cds
  app\claims\annotations.cds
  srv\service.cds
  db\schema.cds
  node_modules\@sap\cds\common.cds
[cds] - connect using bindings from: { registry: '~/.cds-services.json' }
[cds] - connect to db > sqlite { url: 'db.sqlite', database: 'sqlite.db' }
[cds] - using auth strategy {
  kind: 'mocked',
  impl: 'node_modules\\@sap\\cds\\lib\\srv\\middlewares\\auth\\basic-auth'
} 

[cds] - serving KfzService { impl: 'srv\\service.js', path: '/service/kfz' }

[cds] - server listening on { url: 'http://localhost:9999' }
[cds] - server launched in: 1.045s
[cds] - [ terminate with ^C ]

[33m
[1m        ___________________________
 [0m
[cds] - loading server from { file: 'srv\\server.js' }
[cds] - loaded model from 8 file(s):

  srv\fe-annotations.cds
  srv\external\gen.csn
  srv\claim-flat.cds
  app\services.cds
  app\claims\annotations.cds
  srv\service.cds
  db\schema.cds
  node_modules\@sap\cds\common.cds
[cds] - connect using bindings from: { registry: '~/.cds-services.json' }
[cds] - connect to db > sqlite { url: 'db.sqlite', database: 'sqlite.db' }
[cds] - using auth strategy {
  kind: 'mocked',
  impl: 'node_modules\\@sap\\cds\\lib\\srv\\middlewares\\auth\\basic-auth'
} 

[cds] - serving KfzService { impl: 'srv\\service.js', path: '/service/kfz' }

[cds] - server listening on { url: 'http://localhost:9999' }
[cds] - server launched in: 2.244s
[cds] - [ terminate with ^C ]

[33m
[1m        ___________________________
 [0m
[cds] - loading server from { file: 'srv\\server.js' }
[cds] - loaded model from 8 file(s):

  srv\fe-annotations.cds
  srv\external\gen.csn
  srv\claim-flat.cds
  app\services.cds
  app\claims\annotations.cds
  srv\service.cds
  db\schema.cds
  node_modules\@sap\cds\common.cds
[33m
[1m        ___________________________
 [0m
[cds] - loading server from { file: 'srv\\server.js' }
[cds] - loaded model from 8 file(s):

  srv\fe-annotations.cds
  srv\external\gen.csn
  srv\claim-flat.cds
  app\services.cds
  app\claims\annotations.cds
  srv\service.cds
  db\schema.cds
  node_modules\@sap\cds\common.cds
[cds] - connect using bindings from: { registry: '~/.cds-services.json' }
[cds] - connect to db > sqlite { url: 'db.sqlite', database: 'sqlite.db' }
[cds] - using auth strategy {
  kind: 'mocked',
  impl: 'node_modules\\@sap\\cds\\lib\\srv\\middlewares\\auth\\basic-auth'
} 

[cds] - serving KfzService { impl: 'srv\\service.js', path: '/service/kfz' }

[cds] - server listening on { url: 'http://localhost:9999' }
[cds] - server launched in: 2.160s
[cds] - [ terminate with ^C ]

[33m
[1m        ___________________________
 [0m
[cds] - loading server from { file: 'srv\\server.js' }
[cds] - loaded model from 8 file(s):

  srv\fe-annotations.cds
  srv\external\gen.csn
  srv\claim-flat.cds
  app\services.cds
  app\claims\annotations.cds
  srv\service.cds
  db\schema.cds
  node_modules\@sap\cds\common.cds
[cds] - connect using bindings from: { registry: '~/.cds-services.json' }
[cds] - connect to db > sqlite { url: 'db.sqlite', database: 'sqlite.db' }
[cds] - using auth strategy {
  kind: 'mocked',
  impl: 'node_modules\\@sap\\cds\\lib\\srv\\middlewares\\auth\\basic-auth'
} 

[cds] - serving KfzService { impl: 'srv\\service.js', path: '/service/kfz' }

[cds] - server listening on { url: 'http://localhost:9999' }
[cds] - server launched in: 1.972s
[cds] - [ terminate with ^C ]

[33m
[1m        ___________________________
 [0m
[cds] - loading server from { file: 'srv\\server.js' }
[cds] - loaded model from 8 file(s):

  srv\fe-annotations.cds
  srv\external\gen.csn
  srv\claim-flat.cds
  app\services.cds
  app\claims\annotations.cds
  srv\service.cds
  db\schema.cds
  node_modules\@sap\cds\common.cds
[cds] - connect using bindings from: { registry: '~/.cds-services.json' }
[cds] - connect to db > sqlite { url: 'db.sqlite', database: 'sqlite.db' }
[cds] - using auth strategy {
  kind: 'mocked',
  impl: 'node_modules\\@sap\\cds\\lib\\srv\\middlewares\\auth\\basic-auth'
} 

[cds] - serving KfzService { impl: 'srv\\service.js', path: '/service/kfz' }

[cds] - server listening on { url: 'http://localhost:9999' }
[cds] - server launched in: 1.864s
[cds] - [ terminate with ^C ]

[33m
[1m        ___________________________
 [0m
[cds] - loading server from { file: 'srv\\server.js' }
[cds] - loaded model from 8 file(s):

  srv\fe-annotations.cds
  srv\external\gen.csn
  srv\claim-flat.cds
  app\services.cds
  app\claims\annotations.cds
  srv\service.cds
  db\schema.cds
  node_modules\@sap\cds\common.cds
[cds] - connect using bindings from: { registry: '~/.cds-services.json' }
[cds] - connect to db > sqlite { url: 'db.sqlite', database: 'sqlite.db' }
[cds] - using auth strategy {
  kind: 'mocked',
  impl: 'node_modules\\@sap\\cds\\lib\\srv\\middlewares\\auth\\basic-auth'
} 

[cds] - serving KfzService { impl: 'srv\\service.js', path: '/service/kfz' }

[cds] - server listening on { url: 'http://localhost:9999' }
[cds] - server launched in: 1.452s
[cds] - [ terminate with ^C ]

[33m
[1m        ___________________________
 [0m
[cds] - loading server from { file: 'srv\\server.js' }
[cds] - loaded model from 8 file(s):

  srv\fe-annotations.cds
  srv\external\gen.csn
  srv\claim-flat.cds
  app\services.cds
  app\claims\annotations.cds
  srv\service.cds
  db\schema.cds
  node_modules\@sap\cds\common.cds
[cds] - connect using bindings from: { registry: '~/.cds-services.json' }
[cds] - connect to db > sqlite { url: 'db.sqlite', database: 'sqlite.db' }
[cds] - using auth strategy {
  kind: 'mocked',
  impl: 'node_modules\\@sap\\cds\\lib\\srv\\middlewares\\auth\\basic-auth'
} 

[cds] - serving KfzService { impl: 'srv\\service.js', path: '/service/kfz' }

[cds] - server listening on { url: 'http://localhost:9999' }
[cds] - server launched in: 1.224s
[cds] - [ terminate with ^C ]

[33m
[1m        ___________________________
 [0m
[cds] - loading server from { file: 'srv\\server.js' }
[cds] - loaded model from 8 file(s):

  srv\fe-annotations.cds
  srv\external\gen.csn
  srv\claim-flat.cds
  app\services.cds
  app\claims\annotations.cds
  srv\service.cds
  db\schema.cds
  node_modules\@sap\cds\common.cds
[cds] - connect using bindings from: { registry: '~/.cds-services.json' }
[cds] - connect to db > sqlite { url: 'db.sqlite', database: 'sqlite.db' }
[cds] - using auth strategy {
  kind: 'mocked',
  impl: 'node_modules\\@sap\\cds\\lib\\srv\\middlewares\\auth\\basic-auth'
} 

[cds] - serving KfzService { impl: 'srv\\service.js', path: '/service/kfz' }

[cds] - server listening on { url: 'http://localhost:9999' }
[cds] - server launched in: 2.532s
[cds] - [ terminate with ^C ]

[2025-09-04T11:45:16.730Z] [33mWARN[39m     (environment-accessor): Could not find service binding of type 'destination'. This might cause errors in other parts of the application.
[2025-09-04T11:45:18.479Z] [33mWARN[39m     (environment-accessor): Could not find service binding of type 'destination'. This might cause errors in other parts of the application.
[2025-09-04T11:45:22.168Z] [33mWARN[39m     (environment-accessor): Could not find service binding of type 'destination'. This might cause errors in other parts of the application.
[2025-09-04T11:45:27.865Z] [33mWARN[39m     (environment-accessor): Could not find service binding of type 'destination'. This might cause errors in other parts of the application.
[2025-09-04T11:45:43.361Z] [33mWARN[39m     (environment-accessor): Could not find service binding of type 'destination'. This might cause errors in other parts of the application.
[2025-09-04T11:46:00.062Z] [33mWARN[39m     (environment-accessor): Could not find service binding of type 'destination'. This might cause errors in other parts of the application.
[2025-09-04T11:46:50.600Z] [33mWARN[39m     (environment-accessor): Could not find service binding of type 'destination'. This might cause errors in other parts of the application.
[2025-09-04T11:46:50.602Z] [33mWARN[39m     (environment-accessor): Could not find service binding of type 'destination'. This might cause errors in other parts of the application.
[2025-09-04T11:46:51.955Z] [33mWARN[39m     (environment-accessor): Could not find service binding of type 'destination'. This might cause errors in other parts of the application.
[2025-09-04T11:46:55.334Z] [33mWARN[39m     (environment-accessor): Could not find service binding of type 'destination'. This might cause errors in other parts of the application.
[2025-09-04T11:47:03.237Z] [33mWARN[39m     (environment-accessor): Could not find service binding of type 'destination'. This might cause errors in other parts of the application.
[2025-09-04T11:47:17.354Z] [33mWARN[39m     (environment-accessor): Could not find service binding of type 'destination'. This might cause errors in other parts of the application.
[2025-09-04T11:47:41.777Z] [33mWARN[39m     (environment-accessor): Could not find service binding of type 'destination'. This might cause errors in other parts of the application.
[2025-09-04T11:48:25.852Z] [33mWARN[39m     (environment-accessor): Could not find service binding of type 'destination'. This might cause errors in other parts of the application.
[33m
[1m        ___________________________
 [0m
[cds] - loading server from { file: 'srv\\server.js' }
[cds] - loaded model from 8 file(s):

  srv\fe-annotations.cds
  srv\external\gen.csn
  srv\claim-flat.cds
  app\services.cds
  app\claims\annotations.cds
  srv\service.cds
  db\schema.cds
  node_modules\@sap\cds\common.cds
[cds] - connect using bindings from: { registry: '~/.cds-services.json' }
[cds] - connect to db > sqlite { url: 'db.sqlite', database: 'sqlite.db' }
[cds] - using auth strategy {
  kind: 'mocked',
  impl: 'node_modules\\@sap\\cds\\lib\\srv\\middlewares\\auth\\basic-auth'
} 

[cds] - serving KfzService { impl: 'srv\\service.js', path: '/service/kfz' }

[cds] - server listening on { url: 'http://localhost:9999' }
[cds] - server launched in: 711.308ms
[cds] - [ terminate with ^C ]

[33m
[1m        ___________________________
 [0m
[cds] - loading server from { file: 'srv\\server.js' }
[cds] - loaded model from 8 file(s):

  srv\fe-annotations.cds
  srv\external\gen.csn
  srv\claim-flat.cds
  app\services.cds
  app\claims\annotations.cds
  srv\service.cds
  db\schema.cds
  node_modules\@sap\cds\common.cds
[cds] - connect using bindings from: { registry: '~/.cds-services.json' }
[cds] - connect to db > sqlite { url: 'db.sqlite', database: 'sqlite.db' }
[cds] - using auth strategy {
  kind: 'mocked',
  impl: 'node_modules\\@sap\\cds\\lib\\srv\\middlewares\\auth\\basic-auth'
} 

[cds] - serving KfzService { impl: 'srv\\service.js', path: '/service/kfz' }

[cds] - server listening on { url: 'http://localhost:9999' }
[cds] - server launched in: 758.564ms
[cds] - [ terminate with ^C ]

[odata] - HEAD /service/kfz/ 
[odata] - GET /service/kfz/$metadata { 'sap-language': 'DE' }
[2025-09-04T12:39:18.703Z] [33mWARN[39m     (environment-accessor): Could not find service binding of type 'destination'. This might cause errors in other parts of the application.
[33m
[1m        ___________________________
 [0m
[cds] - loading server from { file: 'srv\\server.js' }
[cds] - loaded model from 8 file(s):

  srv\fe-annotations.cds
  srv\external\gen.csn
  srv\claim-flat.cds
  app\services.cds
  app\claims\annotations.cds
  srv\service.cds
  db\schema.cds
  node_modules\@sap\cds\common.cds
[cds] - connect using bindings from: { registry: '~/.cds-services.json' }
[cds] - connect to db > sqlite { url: 'db.sqlite', database: 'sqlite.db' }
[cds] - using auth strategy {
  kind: 'mocked',
  impl: 'node_modules\\@sap\\cds\\lib\\srv\\middlewares\\auth\\basic-auth'
} 

[cds] - serving KfzService { impl: 'srv\\service.js', path: '/service/kfz' }

[cds] - server listening on { url: 'http://localhost:9999' }
[cds] - server launched in: 1.243s
[cds] - [ terminate with ^C ]

[33m
[1m        ___________________________
 [0m
[cds] - loading server from { file: 'srv\\server.js' }
[cds] - loaded model from 8 file(s):

  srv\fe-annotations.cds
  srv\external\gen.csn
  srv\claim-flat.cds
  app\services.cds
  app\claims\annotations.cds
  srv\service.cds
  db\schema.cds
  node_modules\@sap\cds\common.cds
[cds] - connect using bindings from: { registry: '~/.cds-services.json' }
[cds] - connect to db > sqlite { url: 'db.sqlite', database: 'sqlite.db' }
[cds] - using auth strategy {
  kind: 'mocked',
  impl: 'node_modules\\@sap\\cds\\lib\\srv\\middlewares\\auth\\basic-auth'
} 

[cds] - serving KfzService { impl: 'srv\\service.js', path: '/service/kfz' }
[cds] - mocking gen {
  impl: 'node_modules\\@sap\\cds\\libx\\_runtime\\common\\Service.js',
  path: '/odata/v4/gen'
}

[cds] - server listening on { url: 'http://localhost:9999' }
[cds] - server launched in: 1.018s
[cds] - [ terminate with ^C ]

[odata] - GET /service/kfz/$metadata { 'sap-language': 'DE' }
[odata] - HEAD /service/kfz/ 
[2025-09-04T12:39:32.061Z] [33mWARN[39m     (environment-accessor): Could not find service binding of type 'destination'. This might cause errors in other parts of the application.
[2025-09-04T12:39:33.797Z] [33mWARN[39m     (environment-accessor): Could not find service binding of type 'destination'. This might cause errors in other parts of the application.
[2025-09-04T12:39:37.103Z] [33mWARN[39m     (environment-accessor): Could not find service binding of type 'destination'. This might cause errors in other parts of the application.
[2025-09-04T12:39:42.945Z] [33mWARN[39m     (environment-accessor): Could not find service binding of type 'destination'. This might cause errors in other parts of the application.
[odata] - HEAD /service/kfz/ 
[odata] - GET /service/kfz/$metadata { 'sap-language': 'DE' }
[2025-09-04T12:39:52.080Z] [33mWARN[39m     (environment-accessor): Could not find service binding of type 'destination'. This might cause errors in other parts of the application.
[2025-09-04T12:39:54.261Z] [33mWARN[39m     (environment-accessor): Could not find service binding of type 'destination'. This might cause errors in other parts of the application.
[2025-09-04T12:39:55.817Z] [33mWARN[39m     (environment-accessor): Could not find service binding of type 'destination'. This might cause errors in other parts of the application.
[2025-09-04T12:39:59.697Z] [33mWARN[39m     (environment-accessor): Could not find service binding of type 'destination'. This might cause errors in other parts of the application.
[2025-09-04T12:40:07.458Z] [33mWARN[39m     (environment-accessor): Could not find service binding of type 'destination'. This might cause errors in other parts of the application.
[2025-09-04T12:40:16.922Z] [33mWARN[39m     (environment-accessor): Could not find service binding of type 'destination'. This might cause errors in other parts of the application.
[2025-09-04T12:40:17.137Z] [33mWARN[39m     (environment-accessor): Could not find service binding of type 'destination'. This might cause errors in other parts of the application.
[2025-09-04T12:40:43.363Z] [33mWARN[39m     (environment-accessor): Could not find service binding of type 'destination'. This might cause errors in other parts of the application.
[2025-09-04T12:41:02.545Z] [33mWARN[39m     (environment-accessor): Could not find service binding of type 'destination'. This might cause errors in other parts of the application.
[2025-09-04T12:41:02.547Z] [33mWARN[39m     (environment-accessor): Could not find service binding of type 'destination'. This might cause errors in other parts of the application.
[2025-09-04T12:41:04.041Z] [33mWARN[39m     (environment-accessor): Could not find service binding of type 'destination'. This might cause errors in other parts of the application.
[2025-09-04T12:41:07.888Z] [33mWARN[39m     (environment-accessor): Could not find service binding of type 'destination'. This might cause errors in other parts of the application.
[2025-09-04T12:41:15.251Z] [33mWARN[39m     (environment-accessor): Could not find service binding of type 'destination'. This might cause errors in other parts of the application.
[2025-09-04T12:41:29.691Z] [33mWARN[39m     (environment-accessor): Could not find service binding of type 'destination'. This might cause errors in other parts of the application.
[2025-09-04T12:41:32.963Z] [33mWARN[39m     (environment-accessor): Could not find service binding of type 'destination'. This might cause errors in other parts of the application.
[2025-09-04T12:41:32.964Z] [33mWARN[39m     (environment-accessor): Could not find service binding of type 'destination'. This might cause errors in other parts of the application.
[2025-09-04T12:41:34.921Z] [33mWARN[39m     (environment-accessor): Could not find service binding of type 'destination'. This might cause errors in other parts of the application.
[2025-09-04T12:41:37.262Z] [33mWARN[39m     (environment-accessor): Could not find service binding of type 'destination'. This might cause errors in other parts of the application.
[2025-09-04T12:41:42.956Z] [33mWARN[39m     (environment-accessor): Could not find service binding of type 'destination'. This might cause errors in other parts of the application.
[2025-09-04T12:41:56.468Z] [33mWARN[39m     (environment-accessor): Could not find service binding of type 'destination'. This might cause errors in other parts of the application.
[2025-09-04T12:41:56.717Z] [33mWARN[39m     (environment-accessor): Could not find service binding of type 'destination'. This might cause errors in other parts of the application.
[2025-09-04T12:42:21.748Z] [33mWARN[39m     (environment-accessor): Could not find service binding of type 'destination'. This might cause errors in other parts of the application.
[2025-09-04T12:42:57.602Z] [33mWARN[39m     (environment-accessor): Could not find service binding of type 'destination'. This might cause errors in other parts of the application.
[2025-09-04T12:43:15.353Z] [33mWARN[39m     (environment-accessor): Could not find service binding of type 'destination'. This might cause errors in other parts of the application.
[2025-09-04T12:46:01.648Z] [33mWARN[39m     (environment-accessor): Could not find service binding of type 'destination'. This might cause errors in other parts of the application.
[2025-09-04T12:46:02.681Z] [33mWARN[39m     (environment-accessor): Could not find service binding of type 'destination'. This might cause errors in other parts of the application.
[33m
[1m        ___________________________
 [0m
[cds] - loading server from { file: 'srv\\server.js' }
[cds] - loaded model from 8 file(s):

  srv\fe-annotations.cds
  srv\external\gen.csn
  srv\claim-flat.cds
  app\services.cds
  app\claims\annotations.cds
  srv\service.cds
  db\schema.cds
  node_modules\@sap\cds\common.cds
[cds] - connect using bindings from: { registry: '~/.cds-services.json' }
[cds] - connect to db > sqlite { url: 'db.sqlite', database: 'sqlite.db' }
[cds] - using auth strategy {
  kind: 'mocked',
  impl: 'node_modules\\@sap\\cds\\lib\\srv\\middlewares\\auth\\basic-auth'
} 

[cds] - serving KfzService { impl: 'srv\\service.js', path: '/service/kfz' }
[cds] - mocking gen {
  impl: 'node_modules\\@sap\\cds\\libx\\_runtime\\common\\Service.js',
  path: '/odata/v4/gen'
}

[cds] - server listening on { url: 'http://localhost:9999' }
[cds] - server launched in: 1.674s
[cds] - [ terminate with ^C ]

[2025-09-04T12:46:26.440Z] [33mWARN[39m     (environment-accessor): Could not find service binding of type 'destination'. This might cause errors in other parts of the application.
[2025-09-04T12:46:27.671Z] [33mWARN[39m     (environment-accessor): Could not find service binding of type 'destination'. This might cause errors in other parts of the application.
[2025-09-04T12:46:31.518Z] [33mWARN[39m     (environment-accessor): Could not find service binding of type 'destination'. This might cause errors in other parts of the application.
[2025-09-04T12:46:37.227Z] [33mWARN[39m     (environment-accessor): Could not find service binding of type 'destination'. This might cause errors in other parts of the application.
[2025-09-04T12:46:49.439Z] [33mWARN[39m     (environment-accessor): Could not find service binding of type 'destination'. This might cause errors in other parts of the application.
[2025-09-04T12:47:10.328Z] [33mWARN[39m     (environment-accessor): Could not find service binding of type 'destination'. This might cause errors in other parts of the application.
[2025-09-04T12:47:47.027Z] [33mWARN[39m     (environment-accessor): Could not find service binding of type 'destination'. This might cause errors in other parts of the application.
[2025-09-04T12:47:47.029Z] [33mWARN[39m     (environment-accessor): Could not find service binding of type 'destination'. This might cause errors in other parts of the application.
[2025-09-04T12:47:48.188Z] [33mWARN[39m     (environment-accessor): Could not find service binding of type 'destination'. This might cause errors in other parts of the application.
[2025-09-04T12:47:50.489Z] [33mWARN[39m     (environment-accessor): Could not find service binding of type 'destination'. This might cause errors in other parts of the application.
[2025-09-04T12:47:55.391Z] [33mWARN[39m     (environment-accessor): Could not find service binding of type 'destination'. This might cause errors in other parts of the application.
[2025-09-04T12:48:11.196Z] [33mWARN[39m     (environment-accessor): Could not find service binding of type 'destination'. This might cause errors in other parts of the application.
[2025-09-04T12:48:37.577Z] [33mWARN[39m     (environment-accessor): Could not find service binding of type 'destination'. This might cause errors in other parts of the application.
[2025-09-04T12:49:30.574Z] [33mWARN[39m     (environment-accessor): Could not find service binding of type 'destination'. This might cause errors in other parts of the application.
[33m
[1m        ___________________________
 [0m
[cds] - loading server from { file: 'srv\\server.js' }
[cds] - loaded model from 8 file(s):

  srv\fe-annotations.cds
  srv\external\gen.csn
  srv\claim-flat.cds
  app\services.cds
  app\claims\annotations.cds
  srv\service.cds
  db\schema.cds
  node_modules\@sap\cds\common.cds
[cds] - connect using bindings from: { registry: '~/.cds-services.json' }
[cds] - connect to db > sqlite { url: 'db.sqlite', database: 'sqlite.db' }
[cds] - using auth strategy {
  kind: 'mocked',
  impl: 'node_modules\\@sap\\cds\\lib\\srv\\middlewares\\auth\\basic-auth'
} 

[cds] - serving KfzService { impl: 'srv\\service.js', path: '/service/kfz' }

[cds] - server listening on { url: 'http://localhost:9999' }
[cds] - server launched in: 690.379ms
[cds] - [ terminate with ^C ]

[33m
[1m        ___________________________
 [0m

[cds] - imported API to srv\external\gen
> use it in your CDS models through the like of:

using { gen as external } from './external/gen'

[cds] - loading server from { file: 'srv\\server.js' }
[cds] - loaded model from 8 file(s):

  srv\fe-annotations.cds
  srv\external\gen.csn
  srv\claim-flat.cds
  app\services.cds
  app\claims\annotations.cds
  srv\service.cds
  db\schema.cds
  node_modules\@sap\cds\common.cds
[cds] - connect using bindings from: { registry: '~/.cds-services.json' }
[cds] - connect to db > sqlite { url: 'db.sqlite', database: 'sqlite.db' }
[cds] - using auth strategy {
  kind: 'mocked',
  impl: 'node_modules\\@sap\\cds\\lib\\srv\\middlewares\\auth\\basic-auth'
} 

[cds] - serving KfzService { impl: 'srv\\service.js', path: '/service/kfz' }
[cds] - mocking gen {
  impl: 'node_modules\\@sap\\cds\\libx\\_runtime\\common\\Service.js',
  path: '/odata/v4/gen'
}

[cds] - server listening on { url: 'http://localhost:9999' }
[cds] - server launched in: 730.611ms
[cds] - [ terminate with ^C ]

[33m
[1m        ___________________________
 [0m
[cds] - loading server from { file: 'srv\\server.js' }
[cds] - loaded model from 8 file(s):

  srv\fe-annotations.cds
  srv\external\gen.csn
  srv\claim-flat.cds
  app\services.cds
  app\claims\annotations.cds
  srv\service.cds
  db\schema.cds
  node_modules\@sap\cds\common.cds
[cds] - connect using bindings from: { registry: '~/.cds-services.json' }
[cds] - connect to db > sqlite { url: 'db.sqlite', database: 'sqlite.db' }
[cds] - using auth strategy {
  kind: 'mocked',
  impl: 'node_modules\\@sap\\cds\\lib\\srv\\middlewares\\auth\\basic-auth'
} 

[cds] - serving KfzService { impl: 'srv\\service.js', path: '/service/kfz' }

[cds] - server listening on { url: 'http://localhost:9999' }
[cds] - server launched in: 706.301ms
[cds] - [ terminate with ^C ]

[33m
[1m        ___________________________
 [0m
[cds] - loading server from { file: 'srv\\server.js' }
[cds] - loaded model from 8 file(s):

  srv\fe-annotations.cds
  srv\external\gen.csn
  srv\claim-flat.cds
  app\services.cds
  app\claims\annotations.cds
  srv\service.cds
  db\schema.cds
  node_modules\@sap\cds\common.cds
[cds] - connect using bindings from: { registry: '~/.cds-services.json' }
[cds] - connect to db > sqlite { url: 'db.sqlite', database: 'sqlite.db' }
[cds] - using auth strategy {
  kind: 'mocked',
  impl: 'node_modules\\@sap\\cds\\lib\\srv\\middlewares\\auth\\basic-auth'
} 

[cds] - serving KfzService { impl: 'srv\\service.js', path: '/service/kfz' }

[cds] - server listening on { url: 'http://localhost:9999' }
[cds] - server launched in: 727.841ms
[cds] - [ terminate with ^C ]

[33m
[1m        ___________________________
 [0m
[cds] - loading server from { file: 'srv\\server.js' }
[cds] - loaded model from 8 file(s):

  srv\fe-annotations.cds
  srv\external\gen.csn
  srv\claim-flat.cds
  app\services.cds
  app\claims\annotations.cds
  srv\service.cds
  db\schema.cds
  node_modules\@sap\cds\common.cds
[cds] - connect using bindings from: { registry: '~/.cds-services.json' }
[cds] - connect to db > sqlite { url: 'db.sqlite', database: 'sqlite.db' }
[cds] - using auth strategy {
  kind: 'mocked',
  impl: 'node_modules\\@sap\\cds\\lib\\srv\\middlewares\\auth\\basic-auth'
} 

[cds] - serving KfzService { impl: 'srv\\service.js', path: '/service/kfz' }

[cds] - server listening on { url: 'http://localhost:9999' }
[cds] - server launched in: 704.408ms
[cds] - [ terminate with ^C ]

